<?xml version="1.0" encoding="UTF-8"?>
<!-- Generated by org.testng.reporters.JUnitReportReporter -->
<testsuite hostname="DESKTOP-DIOO17K" failures="0" tests="2" name="rowdy69.jquerydropdown" time="12.145" errors="0" timestamp="2023-08-12T13:17:05 IST" skipped="0">
  <testcase classname="rowdy69.jquerydropdown" name="setup" time="7.419"/>
  <testcase classname="rowdy69.jquerydropdown" name="main" time="4.726"/>
</testsuite> <!-- rowdy69.jquerydropdown -->
