<?xml version="1.0" encoding="UTF-8"?>
<!-- Generated by org.testng.reporters.JUnitReportReporter -->
<testsuite hostname="DESKTOP-DIOO17K" failures="0" tests="1" name="rowdy69.datepicker" time="9.868" errors="0" timestamp="2023-08-12T12:42:23 IST" skipped="0">
  <testcase classname="rowdy69.datepicker" name="setuo" time="9.868"/>
</testsuite> <!-- rowdy69.datepicker -->
